
> client@1.0.0 build
> tsc && vite build

[36mvite v6.4.2 [32mbuilding for production...[36m[39m
transforming...
[32m✓[39m 2479 modules transformed.
rendering chunks...
computing gzip size...
[2mdist/[22m[32mindex.html                 [39m[1m[2m    0.84 kB[22m[1m[22m[2m │ gzip:   0.46 kB[22m
[2mdist/[22m[32massets/logo-DjTgH3u0.png   [39m[1m[2m   34.89 kB[22m[1m[22m
[2mdist/[22m[35massets/index-Bzf4LF2Z.css  [39m[1m[2m   35.26 kB[22m[1m[22m[2m │ gzip:   6.60 kB[22m
[2mdist/[22m[36massets/index-C8RGeUoL.js   [39m[1m[33m1,182.24 kB[39m[22m[2m │ gzip: 333.23 kB[22m
[33m
(!) Some chunks are larger than 500 kB after minification. Consider:
- Using dynamic import() to code-split the application
- Use build.rollupOptions.output.manualChunks to improve chunking: https://rollupjs.org/configuration-options/#output-manualchunks
- Adjust chunk size limit for this warning via build.chunkSizeWarningLimit.[39m
[32m✓ built in 8.22s[39m
npm notice
npm notice New major version of npm available! 10.8.3 -> 11.14.1
npm notice Changelog: https://github.com/npm/cli/releases/tag/v11.14.1
npm notice To update run: npm install -g npm@11.14.1
npm notice
